My First Job Scheduler<pre>Array
   ErrorException 

  Array to string conversion

  at D:\Frontier Projects\courier.register\app\Console\Commands\CheckFintecPaymentResponse.php:43
     39▕     public function handle()
     40▕     {
     41▕         $data=DB::table('tercouriers')->where('id',1)->get()->toArray();
     42▕         echo "<pre>";
  ➜  43▕         echo $data;
     44▕        echo "My First Job Scheduler";
     45▕     }
     46▕ }
     47▕

  1   D:\Frontier Projects\courier.register\app\Console\Commands\CheckFintecPaymentResponse.php:43
      Illuminate\Foundation\Bootstrap\HandleExceptions::handleError("Array to string conversion", "D:\Frontier Projects\courier.register\app\Console\Commands\CheckFintecPaymentResponse.php")

  2   D:\Frontier Projects\courier.register\vendor\laravel\framework\src\Illuminate\Container\BoundMethod.php:36
      App\Console\Commands\CheckFintecPaymentResponse::handle()
<pre>Array
(
    [0] => stdClass Object
        (
            [id] => 1
            [date_of_receipt] => 2022-07-07
            [docket_no] => 410135041
            [docket_date] => 2022-07-05
            [courier_id] => 9
            [sender_id] => 1626
            [sender_name] => 
            [ax_id] => -
            [employee_id] => -
            [location] => Mour Mandi
            [company_name] => Corteva
            [terfrom_date] => 2022-06-01
            [terto_date] => 2022-06-30
            [details] => 
            [amount] => 6370
            [payable_amount] => 
            [voucher_code] => 
            [payment_status] => 
            [refrence_transaction_id] => 
            [finfect_response] => 
            [saved_by_id] => 
            [saved_by_name] => 
            [delivery_date] => 2022-07-08
            [remarks] => 
            [given_to] => Veena
            [status] => 2
            [created_at] => 2022-07-09 05:20:55
            [updated_at] => 2022-07-09 05:20:55
        )

)
My First Job Scheduler<pre>Array
(
    [0] => stdClass Object
        (
            [id] => 1
            [date_of_receipt] => 2022-07-07
            [docket_no] => 410135041
            [docket_date] => 2022-07-05
            [courier_id] => 9
            [sender_id] => 1626
            [sender_name] => 
            [ax_id] => -
            [employee_id] => -
            [location] => Mour Mandi
            [company_name] => Corteva
            [terfrom_date] => 2022-06-01
            [terto_date] => 2022-06-30
            [details] => 
            [amount] => 6370
            [payable_amount] => 
            [voucher_code] => 
            [payment_status] => 
            [refrence_transaction_id] => 
            [finfect_response] => 
            [saved_by_id] => 
            [saved_by_name] => 
            [delivery_date] => 2022-07-08
            [remarks] => 
            [given_to] => Veena
            [status] => 2
            [created_at] => 2022-07-09 05:20:55
            [updated_at] => 2022-07-09 05:20:55
        )

)
My First Job Scheduler<pre>Array
(
    [0] => stdClass Object
        (
            [id] => 1
            [date_of_receipt] => 2022-07-07
            [docket_no] => 410135041
            [docket_date] => 2022-07-05
            [courier_id] => 9
            [sender_id] => 1626
            [sender_name] => 
            [ax_id] => -
            [employee_id] => -
            [location] => Mour Mandi
            [company_name] => Corteva
            [terfrom_date] => 2022-06-01
            [terto_date] => 2022-06-30
            [details] => 
            [amount] => 6370
            [payable_amount] => 
            [voucher_code] => 
            [payment_status] => 
            [refrence_transaction_id] => 
            [finfect_response] => 
            [saved_by_id] => 
            [saved_by_name] => 
            [delivery_date] => 2022-07-08
            [remarks] => 
            [given_to] => Veena
            [status] => 2
            [created_at] => 2022-07-09 05:20:55
            [updated_at] => 2022-07-09 05:20:55
        )

)
My First Job Scheduler<pre>Array
(
    [0] => stdClass Object
        (
            [id] => 1
            [date_of_receipt] => 2022-07-07
            [docket_no] => 410135041
            [docket_date] => 2022-07-05
            [courier_id] => 9
            [sender_id] => 1626
            [sender_name] => 
            [ax_id] => -
            [employee_id] => -
            [location] => Mour Mandi
            [company_name] => Corteva
            [terfrom_date] => 2022-06-01
            [terto_date] => 2022-06-30
            [details] => 
            [amount] => 6370
            [payable_amount] => 
            [voucher_code] => 
            [payment_status] => 
            [refrence_transaction_id] => 
            [finfect_response] => 
            [saved_by_id] => 
            [saved_by_name] => 
            [delivery_date] => 2022-07-08
            [remarks] => 
            [given_to] => Veena
            [status] => 2
            [created_at] => 2022-07-09 05:20:55
            [updated_at] => 2022-07-09 05:20:55
        )

)
My First Job Scheduler